{"C:\\Users\\bergu\\Desktop\\LudumGameEngine\\src\\gameEngine\\Entity.js": {"path":"C:\\Users\\bergu\\Desktop\\LudumGameEngine\\src\\gameEngine\\Entity.js","statementMap":{"0":{"start":{"line":13,"column":4},"end":{"line":13,"column":21}},"1":{"start":{"line":14,"column":4},"end":{"line":14,"column":54}},"2":{"start":{"line":17,"column":4},"end":{"line":23,"column":5}},"3":{"start":{"line":18,"column":6},"end":{"line":18,"column":23}},"4":{"start":{"line":19,"column":6},"end":{"line":19,"column":60}},"5":{"start":{"line":21,"column":6},"end":{"line":21,"column":23}},"6":{"start":{"line":22,"column":6},"end":{"line":22,"column":61}},"7":{"start":{"line":26,"column":4},"end":{"line":32,"column":5}},"8":{"start":{"line":27,"column":6},"end":{"line":27,"column":29}},"9":{"start":{"line":28,"column":6},"end":{"line":28,"column":63}},"10":{"start":{"line":30,"column":6},"end":{"line":30,"column":26}},"11":{"start":{"line":31,"column":6},"end":{"line":31,"column":64}},"12":{"start":{"line":35,"column":4},"end":{"line":41,"column":5}},"13":{"start":{"line":36,"column":6},"end":{"line":36,"column":51}},"14":{"start":{"line":37,"column":6},"end":{"line":37,"column":74}},"15":{"start":{"line":39,"column":6},"end":{"line":39,"column":37}},"16":{"start":{"line":40,"column":6},"end":{"line":40,"column":75}},"17":{"start":{"line":44,"column":4},"end":{"line":50,"column":5}},"18":{"start":{"line":45,"column":6},"end":{"line":45,"column":39}},"19":{"start":{"line":46,"column":6},"end":{"line":46,"column":68}},"20":{"start":{"line":48,"column":6},"end":{"line":48,"column":31}},"21":{"start":{"line":49,"column":6},"end":{"line":49,"column":69}},"22":{"start":{"line":53,"column":4},"end":{"line":59,"column":5}},"23":{"start":{"line":54,"column":6},"end":{"line":54,"column":27}},"24":{"start":{"line":55,"column":6},"end":{"line":55,"column":62}},"25":{"start":{"line":57,"column":6},"end":{"line":57,"column":25}},"26":{"start":{"line":58,"column":6},"end":{"line":58,"column":63}},"27":{"start":{"line":61,"column":4},"end":{"line":67,"column":5}},"28":{"start":{"line":62,"column":6},"end":{"line":62,"column":25}},"29":{"start":{"line":63,"column":6},"end":{"line":63,"column":61}},"30":{"start":{"line":65,"column":6},"end":{"line":65,"column":24}},"31":{"start":{"line":66,"column":6},"end":{"line":66,"column":62}},"32":{"start":{"line":71,"column":4},"end":{"line":71,"column":16}},"33":{"start":{"line":75,"column":4},"end":{"line":75,"column":21}},"34":{"start":{"line":79,"column":4},"end":{"line":79,"column":21}},"35":{"start":{"line":83,"column":4},"end":{"line":83,"column":24}},"36":{"start":{"line":87,"column":4},"end":{"line":87,"column":35}},"37":{"start":{"line":91,"column":4},"end":{"line":91,"column":29}},"38":{"start":{"line":95,"column":4},"end":{"line":95,"column":23}},"39":{"start":{"line":99,"column":4},"end":{"line":99,"column":22}},"40":{"start":{"line":103,"column":4},"end":{"line":103,"column":26}},"41":{"start":{"line":107,"column":18},"end":{"line":120,"column":5}},"42":{"start":{"line":121,"column":4},"end":{"line":121,"column":17}}},"fnMap":{"0":{"name":"(anonymous_0)","decl":{"start":{"line":3,"column":2},"end":{"line":3,"column":3}},"loc":{"start":{"line":11,"column":4},"end":{"line":68,"column":3}},"line":11},"1":{"name":"(anonymous_1)","decl":{"start":{"line":70,"column":2},"end":{"line":70,"column":3}},"loc":{"start":{"line":70,"column":14},"end":{"line":72,"column":3}},"line":70},"2":{"name":"(anonymous_2)","decl":{"start":{"line":74,"column":2},"end":{"line":74,"column":3}},"loc":{"start":{"line":74,"column":12},"end":{"line":76,"column":3}},"line":74},"3":{"name":"(anonymous_3)","decl":{"start":{"line":78,"column":2},"end":{"line":78,"column":3}},"loc":{"start":{"line":78,"column":12},"end":{"line":80,"column":3}},"line":78},"4":{"name":"(anonymous_4)","decl":{"start":{"line":82,"column":2},"end":{"line":82,"column":3}},"loc":{"start":{"line":82,"column":15},"end":{"line":84,"column":3}},"line":82},"5":{"name":"(anonymous_5)","decl":{"start":{"line":86,"column":2},"end":{"line":86,"column":3}},"loc":{"start":{"line":86,"column":26},"end":{"line":88,"column":3}},"line":86},"6":{"name":"(anonymous_6)","decl":{"start":{"line":90,"column":2},"end":{"line":90,"column":3}},"loc":{"start":{"line":90,"column":20},"end":{"line":92,"column":3}},"line":90},"7":{"name":"(anonymous_7)","decl":{"start":{"line":94,"column":2},"end":{"line":94,"column":3}},"loc":{"start":{"line":94,"column":14},"end":{"line":96,"column":3}},"line":94},"8":{"name":"(anonymous_8)","decl":{"start":{"line":98,"column":2},"end":{"line":98,"column":3}},"loc":{"start":{"line":98,"column":13},"end":{"line":100,"column":3}},"line":98},"9":{"name":"(anonymous_9)","decl":{"start":{"line":102,"column":2},"end":{"line":102,"column":3}},"loc":{"start":{"line":102,"column":11},"end":{"line":104,"column":3}},"line":102},"10":{"name":"(anonymous_10)","decl":{"start":{"line":106,"column":2},"end":{"line":106,"column":3}},"loc":{"start":{"line":106,"column":19},"end":{"line":122,"column":3}},"line":106}},"branchMap":{"0":{"loc":{"start":{"line":17,"column":4},"end":{"line":23,"column":5}},"type":"if","locations":[{"start":{"line":17,"column":4},"end":{"line":23,"column":5}},{"start":{"line":17,"column":4},"end":{"line":23,"column":5}}],"line":17},"1":{"loc":{"start":{"line":26,"column":4},"end":{"line":32,"column":5}},"type":"if","locations":[{"start":{"line":26,"column":4},"end":{"line":32,"column":5}},{"start":{"line":26,"column":4},"end":{"line":32,"column":5}}],"line":26},"2":{"loc":{"start":{"line":35,"column":4},"end":{"line":41,"column":5}},"type":"if","locations":[{"start":{"line":35,"column":4},"end":{"line":41,"column":5}},{"start":{"line":35,"column":4},"end":{"line":41,"column":5}}],"line":35},"3":{"loc":{"start":{"line":44,"column":4},"end":{"line":50,"column":5}},"type":"if","locations":[{"start":{"line":44,"column":4},"end":{"line":50,"column":5}},{"start":{"line":44,"column":4},"end":{"line":50,"column":5}}],"line":44},"4":{"loc":{"start":{"line":53,"column":4},"end":{"line":59,"column":5}},"type":"if","locations":[{"start":{"line":53,"column":4},"end":{"line":59,"column":5}},{"start":{"line":53,"column":4},"end":{"line":59,"column":5}}],"line":53},"5":{"loc":{"start":{"line":61,"column":4},"end":{"line":67,"column":5}},"type":"if","locations":[{"start":{"line":61,"column":4},"end":{"line":67,"column":5}},{"start":{"line":61,"column":4},"end":{"line":67,"column":5}}],"line":61}},"s":{"0":11,"1":11,"2":11,"3":10,"4":10,"5":1,"6":1,"7":11,"8":10,"9":10,"10":1,"11":1,"12":11,"13":10,"14":10,"15":1,"16":1,"17":11,"18":3,"19":3,"20":8,"21":8,"22":11,"23":3,"24":3,"25":8,"26":8,"27":11,"28":8,"29":8,"30":3,"31":3,"32":2,"33":1,"34":15,"35":6,"36":7,"37":3,"38":5,"39":1,"40":2,"41":5,"42":5},"f":{"0":11,"1":2,"2":1,"3":15,"4":6,"5":7,"6":3,"7":5,"8":1,"9":2,"10":5},"b":{"0":[10,1],"1":[10,1],"2":[10,1],"3":[3,8],"4":[3,8],"5":[8,3]},"_coverageSchema":"332fd63041d2c1bcb487cc26dd0d5f7d97098a6c","hash":"87740ba8b9c44fbb00e62e684e11f13c87812d83"}
,"C:\\Users\\bergu\\Desktop\\LudumGameEngine\\src\\gameEngine\\components\\AudioManager.js": {"path":"C:\\Users\\bergu\\Desktop\\LudumGameEngine\\src\\gameEngine\\components\\AudioManager.js","statementMap":{"0":{"start":{"line":3,"column":4},"end":{"line":3,"column":33}},"1":{"start":{"line":7,"column":4},"end":{"line":12,"column":5}},"2":{"start":{"line":8,"column":6},"end":{"line":8,"column":43}},"3":{"start":{"line":10,"column":6},"end":{"line":10,"column":36}},"4":{"start":{"line":11,"column":6},"end":{"line":11,"column":16}}},"fnMap":{"0":{"name":"(anonymous_0)","decl":{"start":{"line":2,"column":2},"end":{"line":2,"column":3}},"loc":{"start":{"line":2,"column":22},"end":{"line":4,"column":3}},"line":2},"1":{"name":"(anonymous_1)","decl":{"start":{"line":6,"column":2},"end":{"line":6,"column":3}},"loc":{"start":{"line":6,"column":14},"end":{"line":13,"column":3}},"line":6}},"branchMap":{"0":{"loc":{"start":{"line":7,"column":4},"end":{"line":12,"column":5}},"type":"if","locations":[{"start":{"line":7,"column":4},"end":{"line":12,"column":5}},{"start":{"line":7,"column":4},"end":{"line":12,"column":5}}],"line":7}},"s":{"0":4,"1":1,"2":0,"3":1,"4":1},"f":{"0":4,"1":1},"b":{"0":[0,1]},"_coverageSchema":"332fd63041d2c1bcb487cc26dd0d5f7d97098a6c","hash":"811ed05bf5d7691d6fcf20071e560a9e6fab8084"}
,"C:\\Users\\bergu\\Desktop\\LudumGameEngine\\src\\gameEngine\\components\\Body.js": {"path":"C:\\Users\\bergu\\Desktop\\LudumGameEngine\\src\\gameEngine\\components\\Body.js","statementMap":{"0":{"start":{"line":3,"column":4},"end":{"line":3,"column":21}},"1":{"start":{"line":4,"column":4},"end":{"line":4,"column":19}},"2":{"start":{"line":5,"column":4},"end":{"line":5,"column":25}},"3":{"start":{"line":6,"column":4},"end":{"line":6,"column":23}},"4":{"start":{"line":7,"column":4},"end":{"line":7,"column":25}},"5":{"start":{"line":12,"column":4},"end":{"line":12,"column":25}},"6":{"start":{"line":15,"column":4},"end":{"line":15,"column":22}},"7":{"start":{"line":18,"column":4},"end":{"line":18,"column":21}},"8":{"start":{"line":21,"column":4},"end":{"line":21,"column":24}},"9":{"start":{"line":24,"column":4},"end":{"line":24,"column":23}},"10":{"start":{"line":29,"column":4},"end":{"line":29,"column":21}},"11":{"start":{"line":32,"column":4},"end":{"line":32,"column":20}},"12":{"start":{"line":35,"column":4},"end":{"line":35,"column":23}},"13":{"start":{"line":38,"column":4},"end":{"line":38,"column":22}}},"fnMap":{"0":{"name":"(anonymous_0)","decl":{"start":{"line":2,"column":2},"end":{"line":2,"column":3}},"loc":{"start":{"line":2,"column":48},"end":{"line":8,"column":3}},"line":2},"1":{"name":"(anonymous_1)","decl":{"start":{"line":11,"column":2},"end":{"line":11,"column":3}},"loc":{"start":{"line":11,"column":20},"end":{"line":13,"column":3}},"line":11},"2":{"name":"(anonymous_2)","decl":{"start":{"line":14,"column":2},"end":{"line":14,"column":3}},"loc":{"start":{"line":14,"column":17},"end":{"line":16,"column":3}},"line":14},"3":{"name":"(anonymous_3)","decl":{"start":{"line":17,"column":2},"end":{"line":17,"column":3}},"loc":{"start":{"line":17,"column":16},"end":{"line":19,"column":3}},"line":17},"4":{"name":"(anonymous_4)","decl":{"start":{"line":20,"column":2},"end":{"line":20,"column":3}},"loc":{"start":{"line":20,"column":19},"end":{"line":22,"column":3}},"line":20},"5":{"name":"(anonymous_5)","decl":{"start":{"line":23,"column":2},"end":{"line":23,"column":3}},"loc":{"start":{"line":23,"column":18},"end":{"line":25,"column":3}},"line":23},"6":{"name":"(anonymous_6)","decl":{"start":{"line":28,"column":2},"end":{"line":28,"column":3}},"loc":{"start":{"line":28,"column":12},"end":{"line":30,"column":3}},"line":28},"7":{"name":"(anonymous_7)","decl":{"start":{"line":31,"column":2},"end":{"line":31,"column":3}},"loc":{"start":{"line":31,"column":11},"end":{"line":33,"column":3}},"line":31},"8":{"name":"(anonymous_8)","decl":{"start":{"line":34,"column":2},"end":{"line":34,"column":3}},"loc":{"start":{"line":34,"column":14},"end":{"line":36,"column":3}},"line":34},"9":{"name":"(anonymous_9)","decl":{"start":{"line":37,"column":2},"end":{"line":37,"column":3}},"loc":{"start":{"line":37,"column":13},"end":{"line":39,"column":3}},"line":37}},"branchMap":{},"s":{"0":11,"1":11,"2":11,"3":11,"4":11,"5":1,"6":3,"7":3,"8":1,"9":1,"10":10,"11":9,"12":5,"13":5},"f":{"0":11,"1":1,"2":3,"3":3,"4":1,"5":1,"6":10,"7":9,"8":5,"9":5},"b":{},"_coverageSchema":"332fd63041d2c1bcb487cc26dd0d5f7d97098a6c","hash":"a19b5fd2a65e13a346610bacef81933154f60120"}
,"C:\\Users\\bergu\\Desktop\\LudumGameEngine\\src\\gameEngine\\components\\CollisionDetection.js": {"path":"C:\\Users\\bergu\\Desktop\\LudumGameEngine\\src\\gameEngine\\components\\CollisionDetection.js","statementMap":{"0":{"start":{"line":5,"column":4},"end":{"line":5,"column":25}},"1":{"start":{"line":6,"column":4},"end":{"line":6,"column":22}},"2":{"start":{"line":7,"column":4},"end":{"line":7,"column":19}},"3":{"start":{"line":12,"column":4},"end":{"line":12,"column":21}},"4":{"start":{"line":16,"column":4},"end":{"line":16,"column":21}},"5":{"start":{"line":21,"column":17},"end":{"line":21,"column":45}},"6":{"start":{"line":22,"column":17},"end":{"line":22,"column":45}},"7":{"start":{"line":23,"column":16},"end":{"line":28,"column":5}},"8":{"start":{"line":29,"column":16},"end":{"line":34,"column":5}},"9":{"start":{"line":36,"column":4},"end":{"line":54,"column":5}},"10":{"start":{"line":42,"column":6},"end":{"line":42,"column":23}},"11":{"start":{"line":43,"column":6},"end":{"line":43,"column":30}},"12":{"start":{"line":45,"column":6},"end":{"line":48,"column":8}},"13":{"start":{"line":50,"column":6},"end":{"line":50,"column":23}},"14":{"start":{"line":52,"column":6},"end":{"line":52,"column":24}},"15":{"start":{"line":53,"column":6},"end":{"line":53,"column":23}}},"fnMap":{"0":{"name":"(anonymous_0)","decl":{"start":{"line":4,"column":2},"end":{"line":4,"column":3}},"loc":{"start":{"line":4,"column":22},"end":{"line":8,"column":3}},"line":4},"1":{"name":"(anonymous_1)","decl":{"start":{"line":11,"column":2},"end":{"line":11,"column":3}},"loc":{"start":{"line":11,"column":12},"end":{"line":13,"column":3}},"line":11},"2":{"name":"(anonymous_2)","decl":{"start":{"line":15,"column":2},"end":{"line":15,"column":3}},"loc":{"start":{"line":15,"column":12},"end":{"line":17,"column":3}},"line":15},"3":{"name":"(anonymous_3)","decl":{"start":{"line":20,"column":2},"end":{"line":20,"column":3}},"loc":{"start":{"line":20,"column":33},"end":{"line":55,"column":3}},"line":20}},"branchMap":{"0":{"loc":{"start":{"line":36,"column":4},"end":{"line":54,"column":5}},"type":"if","locations":[{"start":{"line":36,"column":4},"end":{"line":54,"column":5}},{"start":{"line":36,"column":4},"end":{"line":54,"column":5}}],"line":36},"1":{"loc":{"start":{"line":37,"column":6},"end":{"line":40,"column":38}},"type":"binary-expr","locations":[{"start":{"line":37,"column":6},"end":{"line":37,"column":37}},{"start":{"line":38,"column":6},"end":{"line":38,"column":37}},{"start":{"line":39,"column":6},"end":{"line":39,"column":38}},{"start":{"line":40,"column":6},"end":{"line":40,"column":38}}],"line":37}},"s":{"0":11,"1":11,"2":11,"3":2,"4":1,"5":2,"6":2,"7":2,"8":2,"9":2,"10":1,"11":1,"12":1,"13":1,"14":1,"15":1},"f":{"0":11,"1":2,"2":1,"3":2},"b":{"0":[1,1],"1":[2,2,1,1]},"_coverageSchema":"332fd63041d2c1bcb487cc26dd0d5f7d97098a6c","hash":"bc63b6965779610a939362c589966513202841b4"}
,"C:\\Users\\bergu\\Desktop\\LudumGameEngine\\src\\gameEngine\\components\\ImageRender.js": {"path":"C:\\Users\\bergu\\Desktop\\LudumGameEngine\\src\\gameEngine\\components\\ImageRender.js","statementMap":{"0":{"start":{"line":5,"column":4},"end":{"line":5,"column":25}},"1":{"start":{"line":6,"column":4},"end":{"line":6,"column":25}},"2":{"start":{"line":10,"column":21},"end":{"line":17,"column":5}},"3":{"start":{"line":19,"column":23},"end":{"line":24,"column":5}},"4":{"start":{"line":26,"column":4},"end":{"line":32,"column":6}}},"fnMap":{"0":{"name":"(anonymous_0)","decl":{"start":{"line":4,"column":2},"end":{"line":4,"column":3}},"loc":{"start":{"line":4,"column":30},"end":{"line":7,"column":3}},"line":4},"1":{"name":"(anonymous_1)","decl":{"start":{"line":9,"column":2},"end":{"line":9,"column":3}},"loc":{"start":{"line":9,"column":11},"end":{"line":33,"column":3}},"line":9}},"branchMap":{},"s":{"0":1,"1":1,"2":0,"3":0,"4":0},"f":{"0":1,"1":0},"b":{},"_coverageSchema":"332fd63041d2c1bcb487cc26dd0d5f7d97098a6c","hash":"afc9fcf539463b22e9b1dd8e8a5605512d99e574"}
,"C:\\Users\\bergu\\Desktop\\LudumGameEngine\\src\\gameEngine\\components\\Physics.js": {"path":"C:\\Users\\bergu\\Desktop\\LudumGameEngine\\src\\gameEngine\\components\\Physics.js","statementMap":{"0":{"start":{"line":3,"column":4},"end":{"line":3,"column":21}},"1":{"start":{"line":4,"column":4},"end":{"line":4,"column":19}},"2":{"start":{"line":5,"column":4},"end":{"line":5,"column":25}},"3":{"start":{"line":10,"column":4},"end":{"line":10,"column":25}},"4":{"start":{"line":13,"column":4},"end":{"line":13,"column":22}},"5":{"start":{"line":16,"column":4},"end":{"line":16,"column":21}},"6":{"start":{"line":21,"column":4},"end":{"line":21,"column":21}},"7":{"start":{"line":24,"column":4},"end":{"line":24,"column":20}},"8":{"start":{"line":28,"column":16},"end":{"line":28,"column":47}},"9":{"start":{"line":29,"column":16},"end":{"line":29,"column":46}},"10":{"start":{"line":31,"column":4},"end":{"line":31,"column":53}},"11":{"start":{"line":32,"column":4},"end":{"line":32,"column":51}}},"fnMap":{"0":{"name":"(anonymous_0)","decl":{"start":{"line":2,"column":2},"end":{"line":2,"column":3}},"loc":{"start":{"line":2,"column":33},"end":{"line":6,"column":3}},"line":2},"1":{"name":"(anonymous_1)","decl":{"start":{"line":9,"column":2},"end":{"line":9,"column":3}},"loc":{"start":{"line":9,"column":20},"end":{"line":11,"column":3}},"line":9},"2":{"name":"(anonymous_2)","decl":{"start":{"line":12,"column":2},"end":{"line":12,"column":3}},"loc":{"start":{"line":12,"column":17},"end":{"line":14,"column":3}},"line":12},"3":{"name":"(anonymous_3)","decl":{"start":{"line":15,"column":2},"end":{"line":15,"column":3}},"loc":{"start":{"line":15,"column":16},"end":{"line":17,"column":3}},"line":15},"4":{"name":"(anonymous_4)","decl":{"start":{"line":20,"column":2},"end":{"line":20,"column":3}},"loc":{"start":{"line":20,"column":12},"end":{"line":22,"column":3}},"line":20},"5":{"name":"(anonymous_5)","decl":{"start":{"line":23,"column":2},"end":{"line":23,"column":3}},"loc":{"start":{"line":23,"column":11},"end":{"line":25,"column":3}},"line":23},"6":{"name":"(anonymous_6)","decl":{"start":{"line":27,"column":11},"end":{"line":27,"column":12}},"loc":{"start":{"line":27,"column":17},"end":{"line":33,"column":3}},"line":27}},"branchMap":{},"s":{"0":10,"1":10,"2":10,"3":1,"4":1,"5":1,"6":6,"7":6,"8":2,"9":2,"10":2,"11":2},"f":{"0":10,"1":1,"2":1,"3":1,"4":6,"5":6,"6":2},"b":{},"_coverageSchema":"332fd63041d2c1bcb487cc26dd0d5f7d97098a6c","hash":"b6f4953ce9fc1b898054bd97380f9a0980959ceb"}
,"C:\\Users\\bergu\\Desktop\\LudumGameEngine\\src\\gameEngine\\components\\Sprite.js": {"path":"C:\\Users\\bergu\\Desktop\\LudumGameEngine\\src\\gameEngine\\components\\Sprite.js","statementMap":{"0":{"start":{"line":13,"column":4},"end":{"line":13,"column":25}},"1":{"start":{"line":14,"column":4},"end":{"line":14,"column":35}},"2":{"start":{"line":15,"column":4},"end":{"line":15,"column":37}},"3":{"start":{"line":16,"column":4},"end":{"line":16,"column":35}},"4":{"start":{"line":17,"column":4},"end":{"line":17,"column":49}},"5":{"start":{"line":18,"column":4},"end":{"line":18,"column":50}},"6":{"start":{"line":19,"column":4},"end":{"line":19,"column":22}},"7":{"start":{"line":20,"column":4},"end":{"line":20,"column":25}},"8":{"start":{"line":22,"column":4},"end":{"line":28,"column":5}},"9":{"start":{"line":23,"column":6},"end":{"line":27,"column":7}},"10":{"start":{"line":24,"column":8},"end":{"line":24,"column":54}},"11":{"start":{"line":25,"column":8},"end":{"line":25,"column":52}},"12":{"start":{"line":31,"column":4},"end":{"line":31,"column":18}},"13":{"start":{"line":32,"column":4},"end":{"line":32,"column":26}},"14":{"start":{"line":33,"column":4},"end":{"line":33,"column":27}},"15":{"start":{"line":34,"column":4},"end":{"line":34,"column":30}},"16":{"start":{"line":35,"column":4},"end":{"line":35,"column":19}},"17":{"start":{"line":38,"column":4},"end":{"line":38,"column":27}},"18":{"start":{"line":39,"column":4},"end":{"line":39,"column":24}},"19":{"start":{"line":40,"column":4},"end":{"line":40,"column":23}},"20":{"start":{"line":41,"column":4},"end":{"line":41,"column":23}},"21":{"start":{"line":42,"column":4},"end":{"line":42,"column":21}},"22":{"start":{"line":43,"column":4},"end":{"line":43,"column":35}},"23":{"start":{"line":45,"column":4},"end":{"line":45,"column":46}},"24":{"start":{"line":49,"column":4},"end":{"line":49,"column":26}},"25":{"start":{"line":50,"column":4},"end":{"line":50,"column":38}},"26":{"start":{"line":52,"column":4},"end":{"line":74,"column":5}},"27":{"start":{"line":53,"column":6},"end":{"line":53,"column":27}},"28":{"start":{"line":55,"column":6},"end":{"line":55,"column":58}},"29":{"start":{"line":57,"column":6},"end":{"line":73,"column":7}},"30":{"start":{"line":58,"column":8},"end":{"line":58,"column":52}},"31":{"start":{"line":59,"column":8},"end":{"line":59,"column":56}},"32":{"start":{"line":60,"column":8},"end":{"line":60,"column":31}},"33":{"start":{"line":66,"column":8},"end":{"line":70,"column":9}},"34":{"start":{"line":67,"column":10},"end":{"line":67,"column":27}},"35":{"start":{"line":69,"column":10},"end":{"line":69,"column":25}},"36":{"start":{"line":72,"column":8},"end":{"line":72,"column":29}},"37":{"start":{"line":75,"column":4},"end":{"line":75,"column":46}},"38":{"start":{"line":79,"column":4},"end":{"line":79,"column":23}},"39":{"start":{"line":83,"column":19},"end":{"line":90,"column":5}},"40":{"start":{"line":92,"column":19},"end":{"line":98,"column":5}},"41":{"start":{"line":99,"column":4},"end":{"line":103,"column":6}}},"fnMap":{"0":{"name":"(anonymous_0)","decl":{"start":{"line":4,"column":2},"end":{"line":4,"column":3}},"loc":{"start":{"line":12,"column":4},"end":{"line":46,"column":3}},"line":12},"1":{"name":"(anonymous_1)","decl":{"start":{"line":48,"column":18},"end":{"line":48,"column":19}},"loc":{"start":{"line":48,"column":24},"end":{"line":76,"column":3}},"line":48},"2":{"name":"(anonymous_2)","decl":{"start":{"line":78,"column":2},"end":{"line":78,"column":3}},"loc":{"start":{"line":78,"column":18},"end":{"line":80,"column":3}},"line":78},"3":{"name":"(anonymous_3)","decl":{"start":{"line":82,"column":2},"end":{"line":82,"column":3}},"loc":{"start":{"line":82,"column":11},"end":{"line":104,"column":3}},"line":82}},"branchMap":{"0":{"loc":{"start":{"line":52,"column":4},"end":{"line":74,"column":5}},"type":"if","locations":[{"start":{"line":52,"column":4},"end":{"line":74,"column":5}},{"start":{"line":52,"column":4},"end":{"line":74,"column":5}}],"line":52},"1":{"loc":{"start":{"line":57,"column":6},"end":{"line":73,"column":7}},"type":"if","locations":[{"start":{"line":57,"column":6},"end":{"line":73,"column":7}},{"start":{"line":57,"column":6},"end":{"line":73,"column":7}}],"line":57},"2":{"loc":{"start":{"line":66,"column":8},"end":{"line":70,"column":9}},"type":"if","locations":[{"start":{"line":66,"column":8},"end":{"line":70,"column":9}},{"start":{"line":66,"column":8},"end":{"line":70,"column":9}}],"line":66}},"s":{"0":3,"1":3,"2":3,"3":3,"4":3,"5":3,"6":3,"7":3,"8":3,"9":13,"10":88,"11":88,"12":3,"13":3,"14":3,"15":3,"16":3,"17":3,"18":3,"19":3,"20":3,"21":3,"22":3,"23":3,"24":0,"25":0,"26":0,"27":0,"28":0,"29":0,"30":0,"31":0,"32":0,"33":0,"34":0,"35":0,"36":0,"37":0,"38":1,"39":1,"40":1,"41":1},"f":{"0":3,"1":0,"2":1,"3":1},"b":{"0":[0,0],"1":[0,0],"2":[0,0]},"_coverageSchema":"332fd63041d2c1bcb487cc26dd0d5f7d97098a6c","hash":"4cc22a6efa6dd8f26697f2b299b45eeaf210980f"}
,"C:\\Users\\bergu\\Desktop\\LudumGameEngine\\src\\utils\\Looger.js": {"path":"C:\\Users\\bergu\\Desktop\\LudumGameEngine\\src\\utils\\Looger.js","statementMap":{"0":{"start":{"line":6,"column":4},"end":{"line":6,"column":27}},"1":{"start":{"line":10,"column":4},"end":{"line":10,"column":21}},"2":{"start":{"line":14,"column":4},"end":{"line":14,"column":53}},"3":{"start":{"line":18,"column":4},"end":{"line":18,"column":21}}},"fnMap":{"0":{"name":"(anonymous_0)","decl":{"start":{"line":5,"column":2},"end":{"line":5,"column":3}},"loc":{"start":{"line":5,"column":19},"end":{"line":7,"column":3}},"line":5},"1":{"name":"(anonymous_1)","decl":{"start":{"line":9,"column":2},"end":{"line":9,"column":3}},"loc":{"start":{"line":9,"column":19},"end":{"line":11,"column":3}},"line":9},"2":{"name":"(anonymous_2)","decl":{"start":{"line":13,"column":2},"end":{"line":13,"column":3}},"loc":{"start":{"line":13,"column":32},"end":{"line":15,"column":3}},"line":13},"3":{"name":"(anonymous_3)","decl":{"start":{"line":17,"column":2},"end":{"line":17,"column":3}},"loc":{"start":{"line":17,"column":19},"end":{"line":19,"column":3}},"line":17}},"branchMap":{},"s":{"0":0,"1":0,"2":78,"3":0},"f":{"0":0,"1":0,"2":78,"3":0},"b":{},"_coverageSchema":"332fd63041d2c1bcb487cc26dd0d5f7d97098a6c","hash":"5087e590b16c1e0f25a411cfdf7b32848cf44000"}
,"C:\\Users\\bergu\\Desktop\\LudumGameEngine\\src\\utils\\ResourceManager.js": {"path":"C:\\Users\\bergu\\Desktop\\LudumGameEngine\\src\\utils\\ResourceManager.js","statementMap":{"0":{"start":{"line":5,"column":4},"end":{"line":5,"column":50}},"1":{"start":{"line":9,"column":4},"end":{"line":9,"column":49}},"2":{"start":{"line":13,"column":4},"end":{"line":13,"column":51}}},"fnMap":{"0":{"name":"(anonymous_0)","decl":{"start":{"line":4,"column":24},"end":{"line":4,"column":25}},"loc":{"start":{"line":4,"column":32},"end":{"line":6,"column":3}},"line":4},"1":{"name":"(anonymous_1)","decl":{"start":{"line":8,"column":24},"end":{"line":8,"column":25}},"loc":{"start":{"line":8,"column":32},"end":{"line":10,"column":3}},"line":8},"2":{"name":"(anonymous_2)","decl":{"start":{"line":12,"column":25},"end":{"line":12,"column":26}},"loc":{"start":{"line":12,"column":33},"end":{"line":14,"column":3}},"line":12}},"branchMap":{},"s":{"0":2,"1":10,"2":3},"f":{"0":2,"1":10,"2":3},"b":{},"_coverageSchema":"332fd63041d2c1bcb487cc26dd0d5f7d97098a6c","hash":"7c78c948c060ceba440d2f261023bea4ac4dea39"}
}
