TN:
SF:C:\Users\bergu\Desktop\LudumGameEngine\src\gameEngine\Entity.js
FN:3,(anonymous_0)
FN:70,(anonymous_1)
FN:74,(anonymous_2)
FN:78,(anonymous_3)
FN:82,(anonymous_4)
FN:86,(anonymous_5)
FN:90,(anonymous_6)
FN:94,(anonymous_7)
FN:98,(anonymous_8)
FN:102,(anonymous_9)
FN:106,(anonymous_10)
FNF:11
FNH:11
FNDA:11,(anonymous_0)
FNDA:2,(anonymous_1)
FNDA:1,(anonymous_2)
FNDA:15,(anonymous_3)
FNDA:6,(anonymous_4)
FNDA:7,(anonymous_5)
FNDA:3,(anonymous_6)
FNDA:5,(anonymous_7)
FNDA:1,(anonymous_8)
FNDA:2,(anonymous_9)
FNDA:5,(anonymous_10)
DA:13,11
DA:14,11
DA:17,11
DA:18,10
DA:19,10
DA:21,1
DA:22,1
DA:26,11
DA:27,10
DA:28,10
DA:30,1
DA:31,1
DA:35,11
DA:36,10
DA:37,10
DA:39,1
DA:40,1
DA:44,11
DA:45,3
DA:46,3
DA:48,8
DA:49,8
DA:53,11
DA:54,3
DA:55,3
DA:57,8
DA:58,8
DA:61,11
DA:62,8
DA:63,8
DA:65,3
DA:66,3
DA:71,2
DA:75,1
DA:79,15
DA:83,6
DA:87,7
DA:91,3
DA:95,5
DA:99,1
DA:103,2
DA:107,5
DA:121,5
LF:43
LH:43
BRDA:17,0,0,10
BRDA:17,0,1,1
BRDA:26,1,0,10
BRDA:26,1,1,1
BRDA:35,2,0,10
BRDA:35,2,1,1
BRDA:44,3,0,3
BRDA:44,3,1,8
BRDA:53,4,0,3
BRDA:53,4,1,8
BRDA:61,5,0,8
BRDA:61,5,1,3
BRF:12
BRH:12
end_of_record
TN:
SF:C:\Users\bergu\Desktop\LudumGameEngine\src\gameEngine\components\AudioManager.js
FN:2,(anonymous_0)
FN:6,(anonymous_1)
FNF:2
FNH:2
FNDA:4,(anonymous_0)
FNDA:1,(anonymous_1)
DA:3,4
DA:7,1
DA:8,0
DA:10,1
DA:11,1
LF:5
LH:4
BRDA:7,0,0,0
BRDA:7,0,1,1
BRF:2
BRH:1
end_of_record
TN:
SF:C:\Users\bergu\Desktop\LudumGameEngine\src\gameEngine\components\Body.js
FN:2,(anonymous_0)
FN:11,(anonymous_1)
FN:14,(anonymous_2)
FN:17,(anonymous_3)
FN:20,(anonymous_4)
FN:23,(anonymous_5)
FN:28,(anonymous_6)
FN:31,(anonymous_7)
FN:34,(anonymous_8)
FN:37,(anonymous_9)
FNF:10
FNH:10
FNDA:11,(anonymous_0)
FNDA:1,(anonymous_1)
FNDA:3,(anonymous_2)
FNDA:3,(anonymous_3)
FNDA:1,(anonymous_4)
FNDA:1,(anonymous_5)
FNDA:10,(anonymous_6)
FNDA:9,(anonymous_7)
FNDA:5,(anonymous_8)
FNDA:5,(anonymous_9)
DA:3,11
DA:4,11
DA:5,11
DA:6,11
DA:7,11
DA:12,1
DA:15,3
DA:18,3
DA:21,1
DA:24,1
DA:29,10
DA:32,9
DA:35,5
DA:38,5
LF:14
LH:14
BRF:0
BRH:0
end_of_record
TN:
SF:C:\Users\bergu\Desktop\LudumGameEngine\src\gameEngine\components\CollisionDetection.js
FN:4,(anonymous_0)
FN:11,(anonymous_1)
FN:15,(anonymous_2)
FN:20,(anonymous_3)
FNF:4
FNH:4
FNDA:11,(anonymous_0)
FNDA:2,(anonymous_1)
FNDA:1,(anonymous_2)
FNDA:2,(anonymous_3)
DA:5,11
DA:6,11
DA:7,11
DA:12,2
DA:16,1
DA:21,2
DA:22,2
DA:23,2
DA:29,2
DA:36,2
DA:42,1
DA:43,1
DA:45,1
DA:50,1
DA:52,1
DA:53,1
LF:16
LH:16
BRDA:36,0,0,1
BRDA:36,0,1,1
BRDA:37,1,0,2
BRDA:37,1,1,2
BRDA:37,1,2,1
BRDA:37,1,3,1
BRF:6
BRH:6
end_of_record
TN:
SF:C:\Users\bergu\Desktop\LudumGameEngine\src\gameEngine\components\ImageRender.js
FN:4,(anonymous_0)
FN:9,(anonymous_1)
FNF:2
FNH:1
FNDA:1,(anonymous_0)
FNDA:0,(anonymous_1)
DA:5,1
DA:6,1
DA:10,0
DA:19,0
DA:26,0
LF:5
LH:2
BRF:0
BRH:0
end_of_record
TN:
SF:C:\Users\bergu\Desktop\LudumGameEngine\src\gameEngine\components\Physics.js
FN:2,(anonymous_0)
FN:9,(anonymous_1)
FN:12,(anonymous_2)
FN:15,(anonymous_3)
FN:20,(anonymous_4)
FN:23,(anonymous_5)
FN:27,(anonymous_6)
FNF:7
FNH:7
FNDA:10,(anonymous_0)
FNDA:1,(anonymous_1)
FNDA:1,(anonymous_2)
FNDA:1,(anonymous_3)
FNDA:6,(anonymous_4)
FNDA:6,(anonymous_5)
FNDA:2,(anonymous_6)
DA:3,10
DA:4,10
DA:5,10
DA:10,1
DA:13,1
DA:16,1
DA:21,6
DA:24,6
DA:28,2
DA:29,2
DA:31,2
DA:32,2
LF:12
LH:12
BRF:0
BRH:0
end_of_record
TN:
SF:C:\Users\bergu\Desktop\LudumGameEngine\src\gameEngine\components\Sprite.js
FN:4,(anonymous_0)
FN:48,(anonymous_1)
FN:78,(anonymous_2)
FN:82,(anonymous_3)
FNF:4
FNH:3
FNDA:3,(anonymous_0)
FNDA:0,(anonymous_1)
FNDA:1,(anonymous_2)
FNDA:1,(anonymous_3)
DA:13,3
DA:14,3
DA:15,3
DA:16,3
DA:17,3
DA:18,3
DA:19,3
DA:20,3
DA:22,3
DA:23,13
DA:24,88
DA:25,88
DA:31,3
DA:32,3
DA:33,3
DA:34,3
DA:35,3
DA:38,3
DA:39,3
DA:40,3
DA:41,3
DA:42,3
DA:43,3
DA:45,3
DA:49,0
DA:50,0
DA:52,0
DA:53,0
DA:55,0
DA:57,0
DA:58,0
DA:59,0
DA:60,0
DA:66,0
DA:67,0
DA:69,0
DA:72,0
DA:75,0
DA:79,1
DA:83,1
DA:92,1
DA:99,1
LF:42
LH:28
BRDA:52,0,0,0
BRDA:52,0,1,0
BRDA:57,1,0,0
BRDA:57,1,1,0
BRDA:66,2,0,0
BRDA:66,2,1,0
BRF:6
BRH:0
end_of_record
TN:
SF:C:\Users\bergu\Desktop\LudumGameEngine\src\utils\Looger.js
FN:5,(anonymous_0)
FN:9,(anonymous_1)
FN:13,(anonymous_2)
FN:17,(anonymous_3)
FNF:4
FNH:1
FNDA:0,(anonymous_0)
FNDA:0,(anonymous_1)
FNDA:78,(anonymous_2)
FNDA:0,(anonymous_3)
DA:6,0
DA:10,0
DA:14,78
DA:18,0
LF:4
LH:1
BRF:0
BRH:0
end_of_record
TN:
SF:C:\Users\bergu\Desktop\LudumGameEngine\src\utils\ResourceManager.js
FN:4,(anonymous_0)
FN:8,(anonymous_1)
FN:12,(anonymous_2)
FNF:3
FNH:3
FNDA:2,(anonymous_0)
FNDA:10,(anonymous_1)
FNDA:3,(anonymous_2)
DA:5,2
DA:9,10
DA:13,3
LF:3
LH:3
BRF:0
BRH:0
end_of_record
